2016-06-17 18:20:35 - MOD: Modification Default
FILE: system/engine/action.php
REGEX: ~(require|include)(_once)?\(([^)]+)~
LINE: 41
FILE: system/engine/loader.php
REGEX: ~(require|include)(_once)?\(([^)]+)~
LINE: 48
LINE: 99
LINE: 111
LINE: 149
FILE: system/library/config.php
REGEX: ~(require|include)(_once)?\(([^)]+)~
LINE: 30
FILE: system/library/language.php
REGEX: ~(require|include)(_once)?\(([^)]+)~
LINE: 42
LINE: 48
LINE: 54
FILE: system/library/template/basic.php
REGEX: ~(require|include)(_once)?\(([^)]+)~
LINE: 25
----------------------------------------------------------------
